2024-04-21T23:39:13.418540Z 0 [System] [MY-015017] [Server] MySQL Server Initialization - start.
2024-04-21T23:39:13.419395Z 0 [Warning] [MY-011068] [Server] The syntax '--skip-host-cache' is deprecated and will be removed in a future release. Please use SET GLOBAL host_cache_size=0 instead.
2024-04-21T23:39:13.419437Z 0 [Warning] [MY-010918] [Server] 'default_authentication_plugin' is deprecated and will be removed in a future release. Please use authentication_policy instead.
2024-04-21T23:39:13.419445Z 0 [System] [MY-013169] [Server] /usr/sbin/mysqld (mysqld 8.1.0) initializing of server in progress as process 81
2024-04-21T23:39:13.421368Z 0 [Warning] [MY-010159] [Server] Setting lower_case_table_names=2 because file system for /var/lib/mysql/ is case insensitive
2024-04-21T23:39:13.428650Z 1 [System] [MY-013576] [InnoDB] InnoDB initialization has started.
2024-04-21T23:39:13.663292Z 1 [System] [MY-013577] [InnoDB] InnoDB initialization has ended.
2024-04-21T23:39:14.162571Z 6 [Warning] [MY-010453] [Server] root@localhost is created with an empty password ! Please consider switching off the --initialize-insecure option.
2024-04-21T23:39:14.243398Z 6 [Warning] [MY-013360] [Server] Plugin mysql_native_password reported: ''mysql_native_password' is deprecated and will be removed in a future release. Please use caching_sha2_password instead'
2024-04-21T23:39:16.464400Z 0 [System] [MY-015018] [Server] MySQL Server Initialization - end.
2024-04-21T23:39:16.496591Z 0 [System] [MY-015015] [Server] MySQL Server - start.
2024-04-21T23:39:16.864045Z 0 [Warning] [MY-011068] [Server] The syntax '--skip-host-cache' is deprecated and will be removed in a future release. Please use SET GLOBAL host_cache_size=0 instead.
2024-04-21T23:39:16.869490Z 0 [Warning] [MY-010918] [Server] 'default_authentication_plugin' is deprecated and will be removed in a future release. Please use authentication_policy instead.
2024-04-21T23:39:16.869522Z 0 [System] [MY-010116] [Server] /usr/sbin/mysqld (mysqld 8.1.0) starting as process 125
2024-04-21T23:39:16.874734Z 0 [Warning] [MY-010159] [Server] Setting lower_case_table_names=2 because file system for /var/lib/mysql/ is case insensitive
2024-04-21T23:39:16.885578Z 1 [System] [MY-013576] [InnoDB] InnoDB initialization has started.
2024-04-21T23:39:17.096892Z 1 [System] [MY-013577] [InnoDB] InnoDB initialization has ended.
2024-04-21T23:39:17.316646Z 0 [Warning] [MY-010068] [Server] CA certificate ca.pem is self signed.
2024-04-21T23:39:17.316769Z 0 [System] [MY-013602] [Server] Channel mysql_main configured to support TLS. Encrypted connections are now supported for this channel.
2024-04-21T23:39:17.318971Z 0 [Warning] [MY-011810] [Server] Insecure configuration for --pid-file: Location '/var/run/mysqld' in the path is accessible to all OS users. Consider choosing a different directory.
2024-04-21T23:39:17.334331Z 0 [System] [MY-011323] [Server] X Plugin ready for connections. Socket: /var/run/mysqld/mysqlx.sock
2024-04-21T23:39:17.334387Z 0 [System] [MY-010931] [Server] /usr/sbin/mysqld: ready for connections. Version: '8.1.0'  socket: '/var/run/mysqld/mysqld.sock'  port: 0  MySQL Community Server - GPL.
2024-04-21T23:39:17.386367Z 8 [Warning] [MY-013360] [Server] Plugin mysql_native_password reported: ''mysql_native_password' is deprecated and will be removed in a future release. Please use caching_sha2_password instead'
2024-04-21T23:39:19.226833Z 9 [Warning] [MY-013360] [Server] Plugin mysql_native_password reported: ''mysql_native_password' is deprecated and will be removed in a future release. Please use caching_sha2_password instead'
2024-04-21T23:39:19.228473Z 9 [Warning] [MY-013360] [Server] Plugin mysql_native_password reported: ''mysql_native_password' is deprecated and will be removed in a future release. Please use caching_sha2_password instead'
2024-04-21T23:39:19.231101Z 9 [Warning] [MY-013360] [Server] Plugin mysql_native_password reported: ''mysql_native_password' is deprecated and will be removed in a future release. Please use caching_sha2_password instead'
2024-04-21T23:39:19.238549Z 10 [Warning] [MY-013360] [Server] Plugin mysql_native_password reported: ''mysql_native_password' is deprecated and will be removed in a future release. Please use caching_sha2_password instead'
2024-04-21T23:39:19.245321Z 11 [Warning] [MY-013360] [Server] Plugin mysql_native_password reported: ''mysql_native_password' is deprecated and will be removed in a future release. Please use caching_sha2_password instead'
2024-04-21T23:39:19.246269Z 11 [Warning] [MY-013360] [Server] Plugin mysql_native_password reported: ''mysql_native_password' is deprecated and will be removed in a future release. Please use caching_sha2_password instead'
2024-04-21T23:39:19.251062Z 12 [Warning] [MY-013360] [Server] Plugin mysql_native_password reported: ''mysql_native_password' is deprecated and will be removed in a future release. Please use caching_sha2_password instead'
2024-04-21T23:39:19.258606Z 13 [Warning] [MY-013360] [Server] Plugin mysql_native_password reported: ''mysql_native_password' is deprecated and will be removed in a future release. Please use caching_sha2_password instead'
2024-04-21T23:39:19.263856Z 13 [System] [MY-013172] [Server] Received SHUTDOWN from user root. Shutting down mysqld (Version: 8.1.0).
2024-04-21T23:39:20.829145Z 0 [System] [MY-010910] [Server] /usr/sbin/mysqld: Shutdown complete (mysqld 8.1.0)  MySQL Community Server - GPL.
2024-04-21T23:39:20.861449Z 0 [System] [MY-015016] [Server] MySQL Server - end.
2024-04-21T23:39:21.282874Z 0 [System] [MY-015015] [Server] MySQL Server - start.
2024-04-21T23:39:21.467508Z 0 [Warning] [MY-011068] [Server] The syntax '--skip-host-cache' is deprecated and will be removed in a future release. Please use SET GLOBAL host_cache_size=0 instead.
2024-04-21T23:39:21.468972Z 0 [Warning] [MY-010918] [Server] 'default_authentication_plugin' is deprecated and will be removed in a future release. Please use authentication_policy instead.
2024-04-21T23:39:21.468986Z 0 [System] [MY-010116] [Server] /usr/sbin/mysqld (mysqld 8.1.0) starting as process 1
2024-04-21T23:39:21.470437Z 0 [Warning] [MY-010159] [Server] Setting lower_case_table_names=2 because file system for /var/lib/mysql/ is case insensitive
2024-04-21T23:39:21.474194Z 1 [System] [MY-013576] [InnoDB] InnoDB initialization has started.
2024-04-21T23:39:21.677764Z 1 [System] [MY-013577] [InnoDB] InnoDB initialization has ended.
2024-04-21T23:39:21.943750Z 0 [Warning] [MY-010068] [Server] CA certificate ca.pem is self signed.
2024-04-21T23:39:21.943944Z 0 [System] [MY-013602] [Server] Channel mysql_main configured to support TLS. Encrypted connections are now supported for this channel.
2024-04-21T23:39:21.946391Z 0 [Warning] [MY-011810] [Server] Insecure configuration for --pid-file: Location '/var/run/mysqld' in the path is accessible to all OS users. Consider choosing a different directory.
2024-04-21T23:39:21.959290Z 0 [System] [MY-011323] [Server] X Plugin ready for connections. Bind-address: '::' port: 33060, socket: /var/run/mysqld/mysqlx.sock
2024-04-21T23:39:21.959345Z 0 [System] [MY-010931] [Server] /usr/sbin/mysqld: ready for connections. Version: '8.1.0'  socket: '/var/run/mysqld/mysqld.sock'  port: 3306  MySQL Community Server - GPL.
2024-04-21T23:40:19.990387Z 9 [Warning] [MY-013360] [Server] Plugin mysql_native_password reported: ''mysql_native_password' is deprecated and will be removed in a future release. Please use caching_sha2_password instead'
2024-04-21T23:40:19.990385Z 8 [Warning] [MY-013360] [Server] Plugin mysql_native_password reported: ''mysql_native_password' is deprecated and will be removed in a future release. Please use caching_sha2_password instead'
2024-04-23T05:47:09.943166Z 0 [System] [MY-013172] [Server] Received SHUTDOWN from user <via user signal>. Shutting down mysqld (Version: 8.1.0).
2024-04-23T05:47:11.056159Z 0 [System] [MY-010910] [Server] /usr/sbin/mysqld: Shutdown complete (mysqld 8.1.0)  MySQL Community Server - GPL.
2024-04-23T05:47:11.086280Z 0 [System] [MY-015016] [Server] MySQL Server - end.
2024-04-25T13:07:03.656485Z 0 [System] [MY-015015] [Server] MySQL Server - start.
2024-04-25T13:07:04.077170Z 0 [Warning] [MY-011068] [Server] The syntax '--skip-host-cache' is deprecated and will be removed in a future release. Please use SET GLOBAL host_cache_size=0 instead.
2024-04-25T13:07:04.083207Z 0 [Warning] [MY-010918] [Server] 'default_authentication_plugin' is deprecated and will be removed in a future release. Please use authentication_policy instead.
2024-04-25T13:07:04.083236Z 0 [System] [MY-010116] [Server] /usr/sbin/mysqld (mysqld 8.1.0) starting as process 1
2024-04-25T13:07:04.092259Z 0 [Warning] [MY-010159] [Server] Setting lower_case_table_names=2 because file system for /var/lib/mysql/ is case insensitive
2024-04-25T13:07:04.108663Z 1 [System] [MY-013576] [InnoDB] InnoDB initialization has started.
2024-04-25T13:07:04.410138Z 1 [System] [MY-013577] [InnoDB] InnoDB initialization has ended.
2024-04-25T13:07:04.603131Z 0 [Warning] [MY-010068] [Server] CA certificate ca.pem is self signed.
2024-04-25T13:07:04.603337Z 0 [System] [MY-013602] [Server] Channel mysql_main configured to support TLS. Encrypted connections are now supported for this channel.
2024-04-25T13:07:04.609107Z 0 [Warning] [MY-011810] [Server] Insecure configuration for --pid-file: Location '/var/run/mysqld' in the path is accessible to all OS users. Consider choosing a different directory.
2024-04-25T13:07:04.641876Z 0 [System] [MY-011323] [Server] X Plugin ready for connections. Bind-address: '::' port: 33060, socket: /var/run/mysqld/mysqlx.sock
2024-04-25T13:07:04.641966Z 0 [System] [MY-010931] [Server] /usr/sbin/mysqld: ready for connections. Version: '8.1.0'  socket: '/var/run/mysqld/mysqld.sock'  port: 3306  MySQL Community Server - GPL.
2024-04-25T13:07:34.540573Z 8 [Warning] [MY-013360] [Server] Plugin mysql_native_password reported: ''mysql_native_password' is deprecated and will be removed in a future release. Please use caching_sha2_password instead'
2024-04-25T13:07:34.541717Z 9 [Warning] [MY-013360] [Server] Plugin mysql_native_password reported: ''mysql_native_password' is deprecated and will be removed in a future release. Please use caching_sha2_password instead'
2024-04-25T13:07:35.624563Z 10 [Warning] [MY-013360] [Server] Plugin mysql_native_password reported: ''mysql_native_password' is deprecated and will be removed in a future release. Please use caching_sha2_password instead'
2024-04-29T09:42:49.779825Z 0 [System] [MY-013172] [Server] Received SHUTDOWN from user <via user signal>. Shutting down mysqld (Version: 8.1.0).
2024-04-29T09:42:51.702407Z 0 [System] [MY-010910] [Server] /usr/sbin/mysqld: Shutdown complete (mysqld 8.1.0)  MySQL Community Server - GPL.
2024-04-29T09:42:51.811391Z 0 [System] [MY-015016] [Server] MySQL Server - end.
2024-04-29T09:43:01.002518Z 0 [System] [MY-015015] [Server] MySQL Server - start.
2024-04-29T09:43:01.781224Z 0 [Warning] [MY-011068] [Server] The syntax '--skip-host-cache' is deprecated and will be removed in a future release. Please use SET GLOBAL host_cache_size=0 instead.
2024-04-29T09:43:01.796714Z 0 [Warning] [MY-010918] [Server] 'default_authentication_plugin' is deprecated and will be removed in a future release. Please use authentication_policy instead.
2024-04-29T09:43:01.796756Z 0 [System] [MY-010116] [Server] /usr/sbin/mysqld (mysqld 8.1.0) starting as process 1
2024-04-29T09:43:01.801797Z 0 [Warning] [MY-010159] [Server] Setting lower_case_table_names=2 because file system for /var/lib/mysql/ is case insensitive
2024-04-29T09:43:01.834975Z 1 [System] [MY-013576] [InnoDB] InnoDB initialization has started.
2024-04-29T09:43:02.200508Z 1 [System] [MY-013577] [InnoDB] InnoDB initialization has ended.
2024-04-29T09:43:02.367549Z 0 [Warning] [MY-010068] [Server] CA certificate ca.pem is self signed.
2024-04-29T09:43:02.367722Z 0 [System] [MY-013602] [Server] Channel mysql_main configured to support TLS. Encrypted connections are now supported for this channel.
2024-04-29T09:43:02.369586Z 0 [Warning] [MY-011810] [Server] Insecure configuration for --pid-file: Location '/var/run/mysqld' in the path is accessible to all OS users. Consider choosing a different directory.
2024-04-29T09:43:02.385384Z 0 [System] [MY-011323] [Server] X Plugin ready for connections. Bind-address: '::' port: 33060, socket: /var/run/mysqld/mysqlx.sock
2024-04-29T09:43:02.385426Z 0 [System] [MY-010931] [Server] /usr/sbin/mysqld: ready for connections. Version: '8.1.0'  socket: '/var/run/mysqld/mysqld.sock'  port: 3306  MySQL Community Server - GPL.
2024-04-29T09:47:56.549568Z 0 [System] [MY-013172] [Server] Received SHUTDOWN from user <via user signal>. Shutting down mysqld (Version: 8.1.0).
2024-04-29T09:47:57.206349Z 0 [System] [MY-010910] [Server] /usr/sbin/mysqld: Shutdown complete (mysqld 8.1.0)  MySQL Community Server - GPL.
2024-04-29T09:47:57.231198Z 0 [System] [MY-015016] [Server] MySQL Server - end.
2024-04-29T09:48:03.248511Z 0 [System] [MY-015015] [Server] MySQL Server - start.
2024-04-29T09:48:03.540736Z 0 [Warning] [MY-011068] [Server] The syntax '--skip-host-cache' is deprecated and will be removed in a future release. Please use SET GLOBAL host_cache_size=0 instead.
2024-04-29T09:48:03.542661Z 0 [Warning] [MY-010918] [Server] 'default_authentication_plugin' is deprecated and will be removed in a future release. Please use authentication_policy instead.
2024-04-29T09:48:03.542685Z 0 [System] [MY-010116] [Server] /usr/sbin/mysqld (mysqld 8.1.0) starting as process 1
2024-04-29T09:48:03.544361Z 0 [Warning] [MY-010159] [Server] Setting lower_case_table_names=2 because file system for /var/lib/mysql/ is case insensitive
2024-04-29T09:48:03.549705Z 1 [System] [MY-013576] [InnoDB] InnoDB initialization has started.
2024-04-29T09:48:03.717570Z 1 [System] [MY-013577] [InnoDB] InnoDB initialization has ended.
2024-04-29T09:48:03.791965Z 0 [Warning] [MY-010068] [Server] CA certificate ca.pem is self signed.
2024-04-29T09:48:03.792081Z 0 [System] [MY-013602] [Server] Channel mysql_main configured to support TLS. Encrypted connections are now supported for this channel.
2024-04-29T09:48:03.795780Z 0 [Warning] [MY-011810] [Server] Insecure configuration for --pid-file: Location '/var/run/mysqld' in the path is accessible to all OS users. Consider choosing a different directory.
2024-04-29T09:48:03.806488Z 0 [System] [MY-011323] [Server] X Plugin ready for connections. Bind-address: '::' port: 33060, socket: /var/run/mysqld/mysqlx.sock
2024-04-29T09:48:03.806531Z 0 [System] [MY-010931] [Server] /usr/sbin/mysqld: ready for connections. Version: '8.1.0'  socket: '/var/run/mysqld/mysqld.sock'  port: 3306  MySQL Community Server - GPL.
2024-04-29T09:50:21.588814Z 0 [System] [MY-013172] [Server] Received SHUTDOWN from user <via user signal>. Shutting down mysqld (Version: 8.1.0).
2024-04-29T09:50:22.619984Z 0 [System] [MY-010910] [Server] /usr/sbin/mysqld: Shutdown complete (mysqld 8.1.0)  MySQL Community Server - GPL.
2024-04-29T09:50:22.658803Z 0 [System] [MY-015016] [Server] MySQL Server - end.
2024-04-29T09:50:24.533877Z 0 [System] [MY-015015] [Server] MySQL Server - start.
2024-04-29T09:50:24.931611Z 0 [Warning] [MY-011068] [Server] The syntax '--skip-host-cache' is deprecated and will be removed in a future release. Please use SET GLOBAL host_cache_size=0 instead.
2024-04-29T09:50:24.934373Z 0 [Warning] [MY-010918] [Server] 'default_authentication_plugin' is deprecated and will be removed in a future release. Please use authentication_policy instead.
2024-04-29T09:50:24.934396Z 0 [System] [MY-010116] [Server] /usr/sbin/mysqld (mysqld 8.1.0) starting as process 1
2024-04-29T09:50:24.936377Z 0 [Warning] [MY-010159] [Server] Setting lower_case_table_names=2 because file system for /var/lib/mysql/ is case insensitive
2024-04-29T09:50:24.943639Z 1 [System] [MY-013576] [InnoDB] InnoDB initialization has started.
2024-04-29T09:50:25.190767Z 1 [System] [MY-013577] [InnoDB] InnoDB initialization has ended.
2024-04-29T09:50:25.271356Z 0 [Warning] [MY-010068] [Server] CA certificate ca.pem is self signed.
2024-04-29T09:50:25.271467Z 0 [System] [MY-013602] [Server] Channel mysql_main configured to support TLS. Encrypted connections are now supported for this channel.
2024-04-29T09:50:25.273156Z 0 [Warning] [MY-011810] [Server] Insecure configuration for --pid-file: Location '/var/run/mysqld' in the path is accessible to all OS users. Consider choosing a different directory.
2024-04-29T09:50:25.292129Z 0 [System] [MY-010931] [Server] /usr/sbin/mysqld: ready for connections. Version: '8.1.0'  socket: '/var/run/mysqld/mysqld.sock'  port: 3306  MySQL Community Server - GPL.
2024-04-29T09:50:25.292176Z 0 [System] [MY-011323] [Server] X Plugin ready for connections. Bind-address: '::' port: 33060, socket: /var/run/mysqld/mysqlx.sock
2024-04-29T09:53:16.802686Z 8 [Warning] [MY-013360] [Server] Plugin mysql_native_password reported: ''mysql_native_password' is deprecated and will be removed in a future release. Please use caching_sha2_password instead'
2024-04-29T09:53:16.802703Z 9 [Warning] [MY-013360] [Server] Plugin mysql_native_password reported: ''mysql_native_password' is deprecated and will be removed in a future release. Please use caching_sha2_password instead'
2024-04-29T09:56:26.374680Z 0 [System] [MY-013172] [Server] Received SHUTDOWN from user <via user signal>. Shutting down mysqld (Version: 8.1.0).
2024-04-29T09:56:27.468048Z 0 [System] [MY-010910] [Server] /usr/sbin/mysqld: Shutdown complete (mysqld 8.1.0)  MySQL Community Server - GPL.
2024-04-29T09:56:27.495396Z 0 [System] [MY-015016] [Server] MySQL Server - end.
2024-04-29T09:56:28.684994Z 0 [System] [MY-015015] [Server] MySQL Server - start.
2024-04-29T09:56:28.983297Z 0 [Warning] [MY-011068] [Server] The syntax '--skip-host-cache' is deprecated and will be removed in a future release. Please use SET GLOBAL host_cache_size=0 instead.
2024-04-29T09:56:28.990328Z 0 [Warning] [MY-010918] [Server] 'default_authentication_plugin' is deprecated and will be removed in a future release. Please use authentication_policy instead.
2024-04-29T09:56:28.990352Z 0 [System] [MY-010116] [Server] /usr/sbin/mysqld (mysqld 8.1.0) starting as process 1
2024-04-29T09:56:28.992245Z 0 [Warning] [MY-010159] [Server] Setting lower_case_table_names=2 because file system for /var/lib/mysql/ is case insensitive
2024-04-29T09:56:28.997711Z 1 [System] [MY-013576] [InnoDB] InnoDB initialization has started.
2024-04-29T09:56:29.136295Z 1 [System] [MY-013577] [InnoDB] InnoDB initialization has ended.
2024-04-29T09:56:29.304753Z 0 [Warning] [MY-010068] [Server] CA certificate ca.pem is self signed.
2024-04-29T09:56:29.304940Z 0 [System] [MY-013602] [Server] Channel mysql_main configured to support TLS. Encrypted connections are now supported for this channel.
2024-04-29T09:56:29.308585Z 0 [Warning] [MY-011810] [Server] Insecure configuration for --pid-file: Location '/var/run/mysqld' in the path is accessible to all OS users. Consider choosing a different directory.
2024-04-29T09:56:29.328130Z 0 [System] [MY-011323] [Server] X Plugin ready for connections. Bind-address: '::' port: 33060, socket: /var/run/mysqld/mysqlx.sock
2024-04-29T09:56:29.328188Z 0 [System] [MY-010931] [Server] /usr/sbin/mysqld: ready for connections. Version: '8.1.0'  socket: '/var/run/mysqld/mysqld.sock'  port: 3306  MySQL Community Server - GPL.
2024-04-29T09:59:18.125484Z 8 [Warning] [MY-013360] [Server] Plugin mysql_native_password reported: ''mysql_native_password' is deprecated and will be removed in a future release. Please use caching_sha2_password instead'
2024-04-29T09:59:40.867658Z 9 [Warning] [MY-013360] [Server] Plugin mysql_native_password reported: ''mysql_native_password' is deprecated and will be removed in a future release. Please use caching_sha2_password instead'
2024-04-29T09:59:49.862265Z 0 [System] [MY-013172] [Server] Received SHUTDOWN from user <via user signal>. Shutting down mysqld (Version: 8.1.0).
2024-04-29T09:59:51.310068Z 0 [System] [MY-010910] [Server] /usr/sbin/mysqld: Shutdown complete (mysqld 8.1.0)  MySQL Community Server - GPL.
2024-04-29T09:59:51.401352Z 0 [System] [MY-015016] [Server] MySQL Server - end.
2024-04-29T09:59:53.810070Z 0 [System] [MY-015015] [Server] MySQL Server - start.
2024-04-29T09:59:54.139864Z 0 [Warning] [MY-011068] [Server] The syntax '--skip-host-cache' is deprecated and will be removed in a future release. Please use SET GLOBAL host_cache_size=0 instead.
2024-04-29T09:59:54.142375Z 0 [Warning] [MY-010918] [Server] 'default_authentication_plugin' is deprecated and will be removed in a future release. Please use authentication_policy instead.
2024-04-29T09:59:54.142396Z 0 [System] [MY-010116] [Server] /usr/sbin/mysqld (mysqld 8.1.0) starting as process 1
2024-04-29T09:59:54.144425Z 0 [Warning] [MY-010159] [Server] Setting lower_case_table_names=2 because file system for /var/lib/mysql/ is case insensitive
2024-04-29T09:59:54.150918Z 1 [System] [MY-013576] [InnoDB] InnoDB initialization has started.
2024-04-29T09:59:54.386018Z 1 [System] [MY-013577] [InnoDB] InnoDB initialization has ended.
2024-04-29T09:59:54.496864Z 0 [Warning] [MY-010068] [Server] CA certificate ca.pem is self signed.
2024-04-29T09:59:54.497053Z 0 [System] [MY-013602] [Server] Channel mysql_main configured to support TLS. Encrypted connections are now supported for this channel.
2024-04-29T09:59:54.499133Z 0 [Warning] [MY-011810] [Server] Insecure configuration for --pid-file: Location '/var/run/mysqld' in the path is accessible to all OS users. Consider choosing a different directory.
2024-04-29T09:59:54.516703Z 0 [System] [MY-011323] [Server] X Plugin ready for connections. Bind-address: '::' port: 33060, socket: /var/run/mysqld/mysqlx.sock
2024-04-29T09:59:54.516736Z 0 [System] [MY-010931] [Server] /usr/sbin/mysqld: ready for connections. Version: '8.1.0'  socket: '/var/run/mysqld/mysqld.sock'  port: 3306  MySQL Community Server - GPL.
2024-04-29T10:00:07.612240Z 8 [Warning] [MY-013360] [Server] Plugin mysql_native_password reported: ''mysql_native_password' is deprecated and will be removed in a future release. Please use caching_sha2_password instead'
2024-04-29T10:00:17.926454Z 9 [Warning] [MY-013360] [Server] Plugin mysql_native_password reported: ''mysql_native_password' is deprecated and will be removed in a future release. Please use caching_sha2_password instead'
2024-04-29T10:01:21.019614Z 0 [System] [MY-013172] [Server] Received SHUTDOWN from user <via user signal>. Shutting down mysqld (Version: 8.1.0).
2024-04-29T10:01:22.184350Z 0 [System] [MY-010910] [Server] /usr/sbin/mysqld: Shutdown complete (mysqld 8.1.0)  MySQL Community Server - GPL.
2024-04-29T10:01:22.226001Z 0 [System] [MY-015016] [Server] MySQL Server - end.
2024-04-29T10:01:25.444787Z 0 [System] [MY-015015] [Server] MySQL Server - start.
2024-04-29T10:01:25.696765Z 0 [Warning] [MY-011068] [Server] The syntax '--skip-host-cache' is deprecated and will be removed in a future release. Please use SET GLOBAL host_cache_size=0 instead.
2024-04-29T10:01:25.700035Z 0 [Warning] [MY-010918] [Server] 'default_authentication_plugin' is deprecated and will be removed in a future release. Please use authentication_policy instead.
2024-04-29T10:01:25.700059Z 0 [System] [MY-010116] [Server] /usr/sbin/mysqld (mysqld 8.1.0) starting as process 1
2024-04-29T10:01:25.701674Z 0 [Warning] [MY-010159] [Server] Setting lower_case_table_names=2 because file system for /var/lib/mysql/ is case insensitive
2024-04-29T10:01:25.707086Z 1 [System] [MY-013576] [InnoDB] InnoDB initialization has started.
2024-04-29T10:01:25.866709Z 1 [System] [MY-013577] [InnoDB] InnoDB initialization has ended.
2024-04-29T10:01:26.017732Z 0 [Warning] [MY-010068] [Server] CA certificate ca.pem is self signed.
2024-04-29T10:01:26.017845Z 0 [System] [MY-013602] [Server] Channel mysql_main configured to support TLS. Encrypted connections are now supported for this channel.
2024-04-29T10:01:26.019335Z 0 [Warning] [MY-011810] [Server] Insecure configuration for --pid-file: Location '/var/run/mysqld' in the path is accessible to all OS users. Consider choosing a different directory.
2024-04-29T10:01:26.035683Z 0 [System] [MY-011323] [Server] X Plugin ready for connections. Bind-address: '::' port: 33060, socket: /var/run/mysqld/mysqlx.sock
2024-04-29T10:01:26.035708Z 0 [System] [MY-010931] [Server] /usr/sbin/mysqld: ready for connections. Version: '8.1.0'  socket: '/var/run/mysqld/mysqld.sock'  port: 3306  MySQL Community Server - GPL.
2024-04-29T10:01:53.137290Z 8 [Warning] [MY-013360] [Server] Plugin mysql_native_password reported: ''mysql_native_password' is deprecated and will be removed in a future release. Please use caching_sha2_password instead'
2024-04-29T10:01:53.139252Z 8 [Warning] [MY-013360] [Server] Plugin sha256_password reported: ''sha256_password' is deprecated and will be removed in a future release. Please use caching_sha2_password instead'
2024-04-29T10:03:34.717981Z 0 [System] [MY-013172] [Server] Received SHUTDOWN from user <via user signal>. Shutting down mysqld (Version: 8.1.0).
2024-04-29T10:03:35.647725Z 0 [System] [MY-010910] [Server] /usr/sbin/mysqld: Shutdown complete (mysqld 8.1.0)  MySQL Community Server - GPL.
2024-04-29T10:03:35.717187Z 0 [System] [MY-015016] [Server] MySQL Server - end.
2024-04-29T10:04:16.168194Z 0 [System] [MY-015017] [Server] MySQL Server Initialization - start.
2024-04-29T10:04:16.169401Z 0 [Warning] [MY-011068] [Server] The syntax '--skip-host-cache' is deprecated and will be removed in a future release. Please use SET GLOBAL host_cache_size=0 instead.
2024-04-29T10:04:16.169457Z 0 [Warning] [MY-010918] [Server] 'default_authentication_plugin' is deprecated and will be removed in a future release. Please use authentication_policy instead.
2024-04-29T10:04:16.169476Z 0 [System] [MY-013169] [Server] /usr/sbin/mysqld (mysqld 8.1.0) initializing of server in progress as process 80
2024-04-29T10:04:16.172106Z 0 [Warning] [MY-010159] [Server] Setting lower_case_table_names=2 because file system for /var/lib/mysql/ is case insensitive
2024-04-29T10:04:16.177598Z 1 [System] [MY-013576] [InnoDB] InnoDB initialization has started.
2024-04-29T10:04:16.494262Z 1 [System] [MY-013577] [InnoDB] InnoDB initialization has ended.
2024-04-29T10:04:17.420907Z 6 [Warning] [MY-010453] [Server] root@localhost is created with an empty password ! Please consider switching off the --initialize-insecure option.
2024-04-29T10:04:17.798707Z 6 [Warning] [MY-013360] [Server] Plugin mysql_native_password reported: ''mysql_native_password' is deprecated and will be removed in a future release. Please use caching_sha2_password instead'
2024-04-29T10:04:21.652157Z 0 [System] [MY-015018] [Server] MySQL Server Initialization - end.
2024-04-29T10:04:21.739990Z 0 [System] [MY-015015] [Server] MySQL Server - start.
2024-04-29T10:04:22.332447Z 0 [Warning] [MY-011068] [Server] The syntax '--skip-host-cache' is deprecated and will be removed in a future release. Please use SET GLOBAL host_cache_size=0 instead.
2024-04-29T10:04:22.335057Z 0 [Warning] [MY-010918] [Server] 'default_authentication_plugin' is deprecated and will be removed in a future release. Please use authentication_policy instead.
2024-04-29T10:04:22.335089Z 0 [System] [MY-010116] [Server] /usr/sbin/mysqld (mysqld 8.1.0) starting as process 124
2024-04-29T10:04:22.338199Z 0 [Warning] [MY-010159] [Server] Setting lower_case_table_names=2 because file system for /var/lib/mysql/ is case insensitive
2024-04-29T10:04:22.353145Z 1 [System] [MY-013576] [InnoDB] InnoDB initialization has started.
2024-04-29T10:04:22.522707Z 1 [System] [MY-013577] [InnoDB] InnoDB initialization has ended.
2024-04-29T10:04:22.794172Z 0 [Warning] [MY-010068] [Server] CA certificate ca.pem is self signed.
2024-04-29T10:04:22.794345Z 0 [System] [MY-013602] [Server] Channel mysql_main configured to support TLS. Encrypted connections are now supported for this channel.
2024-04-29T10:04:22.797085Z 0 [Warning] [MY-011810] [Server] Insecure configuration for --pid-file: Location '/var/run/mysqld' in the path is accessible to all OS users. Consider choosing a different directory.
2024-04-29T10:04:22.834677Z 0 [System] [MY-011323] [Server] X Plugin ready for connections. Socket: /var/run/mysqld/mysqlx.sock
2024-04-29T10:04:22.834717Z 0 [System] [MY-010931] [Server] /usr/sbin/mysqld: ready for connections. Version: '8.1.0'  socket: '/var/run/mysqld/mysqld.sock'  port: 0  MySQL Community Server - GPL.
2024-04-29T10:04:22.901983Z 8 [Warning] [MY-013360] [Server] Plugin mysql_native_password reported: ''mysql_native_password' is deprecated and will be removed in a future release. Please use caching_sha2_password instead'
2024-04-29T10:04:22.920570Z 8 [Warning] [MY-013360] [Server] Plugin mysql_native_password reported: ''mysql_native_password' is deprecated and will be removed in a future release. Please use caching_sha2_password instead'
2024-04-29T10:04:22.926184Z 8 [Warning] [MY-013360] [Server] Plugin mysql_native_password reported: ''mysql_native_password' is deprecated and will be removed in a future release. Please use caching_sha2_password instead'
2024-04-29T10:04:22.938450Z 9 [Warning] [MY-013360] [Server] Plugin mysql_native_password reported: ''mysql_native_password' is deprecated and will be removed in a future release. Please use caching_sha2_password instead'
2024-04-29T10:04:22.945483Z 10 [Warning] [MY-013360] [Server] Plugin mysql_native_password reported: ''mysql_native_password' is deprecated and will be removed in a future release. Please use caching_sha2_password instead'
2024-04-29T10:04:22.951791Z 10 [Warning] [MY-013360] [Server] Plugin mysql_native_password reported: ''mysql_native_password' is deprecated and will be removed in a future release. Please use caching_sha2_password instead'
2024-04-29T10:04:22.964998Z 11 [Warning] [MY-013360] [Server] Plugin mysql_native_password reported: ''mysql_native_password' is deprecated and will be removed in a future release. Please use caching_sha2_password instead'
2024-04-29T10:04:22.979616Z 12 [Warning] [MY-013360] [Server] Plugin mysql_native_password reported: ''mysql_native_password' is deprecated and will be removed in a future release. Please use caching_sha2_password instead'
2024-04-29T10:04:22.984743Z 12 [System] [MY-013172] [Server] Received SHUTDOWN from user root. Shutting down mysqld (Version: 8.1.0).
2024-04-29T10:04:24.333743Z 0 [System] [MY-010910] [Server] /usr/sbin/mysqld: Shutdown complete (mysqld 8.1.0)  MySQL Community Server - GPL.
2024-04-29T10:04:24.354572Z 0 [System] [MY-015016] [Server] MySQL Server - end.
2024-04-29T10:04:25.022548Z 0 [System] [MY-015015] [Server] MySQL Server - start.
2024-04-29T10:04:25.240182Z 0 [Warning] [MY-011068] [Server] The syntax '--skip-host-cache' is deprecated and will be removed in a future release. Please use SET GLOBAL host_cache_size=0 instead.
2024-04-29T10:04:25.241746Z 0 [Warning] [MY-010918] [Server] 'default_authentication_plugin' is deprecated and will be removed in a future release. Please use authentication_policy instead.
2024-04-29T10:04:25.241768Z 0 [System] [MY-010116] [Server] /usr/sbin/mysqld (mysqld 8.1.0) starting as process 1
2024-04-29T10:04:25.243538Z 0 [Warning] [MY-010159] [Server] Setting lower_case_table_names=2 because file system for /var/lib/mysql/ is case insensitive
2024-04-29T10:04:25.248821Z 1 [System] [MY-013576] [InnoDB] InnoDB initialization has started.
2024-04-29T10:04:25.376467Z 1 [System] [MY-013577] [InnoDB] InnoDB initialization has ended.
2024-04-29T10:04:25.499957Z 0 [Warning] [MY-010068] [Server] CA certificate ca.pem is self signed.
2024-04-29T10:04:25.500075Z 0 [System] [MY-013602] [Server] Channel mysql_main configured to support TLS. Encrypted connections are now supported for this channel.
2024-04-29T10:04:25.501805Z 0 [Warning] [MY-011810] [Server] Insecure configuration for --pid-file: Location '/var/run/mysqld' in the path is accessible to all OS users. Consider choosing a different directory.
2024-04-29T10:04:25.511694Z 0 [System] [MY-011323] [Server] X Plugin ready for connections. Bind-address: '::' port: 33060, socket: /var/run/mysqld/mysqlx.sock
2024-04-29T10:04:25.511725Z 0 [System] [MY-010931] [Server] /usr/sbin/mysqld: ready for connections. Version: '8.1.0'  socket: '/var/run/mysqld/mysqld.sock'  port: 3306  MySQL Community Server - GPL.
2024-04-29T10:04:29.350043Z 8 [Warning] [MY-013360] [Server] Plugin mysql_native_password reported: ''mysql_native_password' is deprecated and will be removed in a future release. Please use caching_sha2_password instead'
2024-04-29T10:07:49.210777Z 9 [Warning] [MY-013360] [Server] Plugin mysql_native_password reported: ''mysql_native_password' is deprecated and will be removed in a future release. Please use caching_sha2_password instead'
2024-04-29T10:07:51.148138Z 10 [Warning] [MY-013360] [Server] Plugin mysql_native_password reported: ''mysql_native_password' is deprecated and will be removed in a future release. Please use caching_sha2_password instead'
2024-04-29T10:07:51.644046Z 11 [Warning] [MY-013360] [Server] Plugin mysql_native_password reported: ''mysql_native_password' is deprecated and will be removed in a future release. Please use caching_sha2_password instead'
2024-04-29T10:07:52.031581Z 12 [Warning] [MY-013360] [Server] Plugin mysql_native_password reported: ''mysql_native_password' is deprecated and will be removed in a future release. Please use caching_sha2_password instead'
2024-04-29T10:07:52.236086Z 13 [Warning] [MY-013360] [Server] Plugin mysql_native_password reported: ''mysql_native_password' is deprecated and will be removed in a future release. Please use caching_sha2_password instead'
2024-04-29T10:07:52.384993Z 14 [Warning] [MY-013360] [Server] Plugin mysql_native_password reported: ''mysql_native_password' is deprecated and will be removed in a future release. Please use caching_sha2_password instead'
2024-04-29T10:07:52.553309Z 15 [Warning] [MY-013360] [Server] Plugin mysql_native_password reported: ''mysql_native_password' is deprecated and will be removed in a future release. Please use caching_sha2_password instead'
2024-04-29T10:07:52.707058Z 16 [Warning] [MY-013360] [Server] Plugin mysql_native_password reported: ''mysql_native_password' is deprecated and will be removed in a future release. Please use caching_sha2_password instead'
2024-04-29T10:07:52.894762Z 17 [Warning] [MY-013360] [Server] Plugin mysql_native_password reported: ''mysql_native_password' is deprecated and will be removed in a future release. Please use caching_sha2_password instead'
2024-04-29T10:07:53.041828Z 18 [Warning] [MY-013360] [Server] Plugin mysql_native_password reported: ''mysql_native_password' is deprecated and will be removed in a future release. Please use caching_sha2_password instead'
2024-04-29T10:08:01.370103Z 19 [Warning] [MY-013360] [Server] Plugin mysql_native_password reported: ''mysql_native_password' is deprecated and will be removed in a future release. Please use caching_sha2_password instead'
2024-04-29T10:08:01.536452Z 20 [Warning] [MY-013360] [Server] Plugin mysql_native_password reported: ''mysql_native_password' is deprecated and will be removed in a future release. Please use caching_sha2_password instead'
2024-04-29T10:09:44.450401Z 21 [Warning] [MY-013360] [Server] Plugin mysql_native_password reported: ''mysql_native_password' is deprecated and will be removed in a future release. Please use caching_sha2_password instead'
2024-04-29T10:12:49.988684Z 22 [Warning] [MY-013360] [Server] Plugin mysql_native_password reported: ''mysql_native_password' is deprecated and will be removed in a future release. Please use caching_sha2_password instead'
2024-04-29T10:12:50.310488Z 23 [Warning] [MY-013360] [Server] Plugin mysql_native_password reported: ''mysql_native_password' is deprecated and will be removed in a future release. Please use caching_sha2_password instead'
2024-04-29T10:12:50.497917Z 24 [Warning] [MY-013360] [Server] Plugin mysql_native_password reported: ''mysql_native_password' is deprecated and will be removed in a future release. Please use caching_sha2_password instead'
2024-04-29T10:12:50.688099Z 25 [Warning] [MY-013360] [Server] Plugin mysql_native_password reported: ''mysql_native_password' is deprecated and will be removed in a future release. Please use caching_sha2_password instead'
2024-04-29T10:12:58.466620Z 26 [Warning] [MY-013360] [Server] Plugin mysql_native_password reported: ''mysql_native_password' is deprecated and will be removed in a future release. Please use caching_sha2_password instead'
2024-04-29T10:18:25.864519Z 0 [System] [MY-013172] [Server] Received SHUTDOWN from user <via user signal>. Shutting down mysqld (Version: 8.1.0).
2024-04-29T10:18:26.596527Z 0 [System] [MY-010910] [Server] /usr/sbin/mysqld: Shutdown complete (mysqld 8.1.0)  MySQL Community Server - GPL.
2024-04-29T10:18:26.615289Z 0 [System] [MY-015016] [Server] MySQL Server - end.
2024-04-29T10:18:28.061623Z 0 [System] [MY-015015] [Server] MySQL Server - start.
2024-04-29T10:18:28.325983Z 0 [Warning] [MY-011068] [Server] The syntax '--skip-host-cache' is deprecated and will be removed in a future release. Please use SET GLOBAL host_cache_size=0 instead.
2024-04-29T10:18:28.327566Z 0 [Warning] [MY-010918] [Server] 'default_authentication_plugin' is deprecated and will be removed in a future release. Please use authentication_policy instead.
2024-04-29T10:18:28.327586Z 0 [System] [MY-010116] [Server] /usr/sbin/mysqld (mysqld 8.1.0) starting as process 1
2024-04-29T10:18:28.329214Z 0 [Warning] [MY-010159] [Server] Setting lower_case_table_names=2 because file system for /var/lib/mysql/ is case insensitive
2024-04-29T10:18:28.338123Z 1 [System] [MY-013576] [InnoDB] InnoDB initialization has started.
2024-04-29T10:18:28.497207Z 1 [System] [MY-013577] [InnoDB] InnoDB initialization has ended.
2024-04-29T10:18:28.648029Z 0 [Warning] [MY-010068] [Server] CA certificate ca.pem is self signed.
2024-04-29T10:18:28.648153Z 0 [System] [MY-013602] [Server] Channel mysql_main configured to support TLS. Encrypted connections are now supported for this channel.
2024-04-29T10:18:28.650707Z 0 [Warning] [MY-011810] [Server] Insecure configuration for --pid-file: Location '/var/run/mysqld' in the path is accessible to all OS users. Consider choosing a different directory.
2024-04-29T10:18:28.661279Z 0 [System] [MY-011323] [Server] X Plugin ready for connections. Bind-address: '::' port: 33060, socket: /var/run/mysqld/mysqlx.sock
2024-04-29T10:18:28.661288Z 0 [System] [MY-010931] [Server] /usr/sbin/mysqld: ready for connections. Version: '8.1.0'  socket: '/var/run/mysqld/mysqld.sock'  port: 3306  MySQL Community Server - GPL.
2024-04-29T10:18:49.016790Z 8 [Warning] [MY-013360] [Server] Plugin mysql_native_password reported: ''mysql_native_password' is deprecated and will be removed in a future release. Please use caching_sha2_password instead'
2024-04-29T10:18:50.329218Z 9 [Warning] [MY-013360] [Server] Plugin mysql_native_password reported: ''mysql_native_password' is deprecated and will be removed in a future release. Please use caching_sha2_password instead'
2024-04-29T10:24:41.355681Z 0 [System] [MY-013172] [Server] Received SHUTDOWN from user <via user signal>. Shutting down mysqld (Version: 8.1.0).
2024-04-29T10:24:42.681324Z 0 [System] [MY-010910] [Server] /usr/sbin/mysqld: Shutdown complete (mysqld 8.1.0)  MySQL Community Server - GPL.
2024-04-29T10:24:42.757079Z 0 [System] [MY-015016] [Server] MySQL Server - end.
2024-04-29T10:24:44.381981Z 0 [System] [MY-015015] [Server] MySQL Server - start.
2024-04-29T10:24:44.647123Z 0 [Warning] [MY-011068] [Server] The syntax '--skip-host-cache' is deprecated and will be removed in a future release. Please use SET GLOBAL host_cache_size=0 instead.
2024-04-29T10:24:44.648768Z 0 [Warning] [MY-010918] [Server] 'default_authentication_plugin' is deprecated and will be removed in a future release. Please use authentication_policy instead.
2024-04-29T10:24:44.648792Z 0 [System] [MY-010116] [Server] /usr/sbin/mysqld (mysqld 8.1.0) starting as process 1
2024-04-29T10:24:44.650338Z 0 [Warning] [MY-010159] [Server] Setting lower_case_table_names=2 because file system for /var/lib/mysql/ is case insensitive
2024-04-29T10:24:44.655161Z 1 [System] [MY-013576] [InnoDB] InnoDB initialization has started.
2024-04-29T10:24:44.808931Z 1 [System] [MY-013577] [InnoDB] InnoDB initialization has ended.
2024-04-29T10:24:44.915747Z 0 [Warning] [MY-010068] [Server] CA certificate ca.pem is self signed.
2024-04-29T10:24:44.915890Z 0 [System] [MY-013602] [Server] Channel mysql_main configured to support TLS. Encrypted connections are now supported for this channel.
2024-04-29T10:24:44.918824Z 0 [Warning] [MY-011810] [Server] Insecure configuration for --pid-file: Location '/var/run/mysqld' in the path is accessible to all OS users. Consider choosing a different directory.
2024-04-29T10:24:44.928197Z 0 [System] [MY-011323] [Server] X Plugin ready for connections. Bind-address: '::' port: 33060, socket: /var/run/mysqld/mysqlx.sock
2024-04-29T10:24:44.928227Z 0 [System] [MY-010931] [Server] /usr/sbin/mysqld: ready for connections. Version: '8.1.0'  socket: '/var/run/mysqld/mysqld.sock'  port: 3306  MySQL Community Server - GPL.
2024-04-29T10:25:28.288933Z 8 [Warning] [MY-013360] [Server] Plugin mysql_native_password reported: ''mysql_native_password' is deprecated and will be removed in a future release. Please use caching_sha2_password instead'
2024-04-29T10:25:43.532188Z 9 [Warning] [MY-013360] [Server] Plugin mysql_native_password reported: ''mysql_native_password' is deprecated and will be removed in a future release. Please use caching_sha2_password instead'
2024-04-29T10:26:34.740013Z 0 [System] [MY-013172] [Server] Received SHUTDOWN from user <via user signal>. Shutting down mysqld (Version: 8.1.0).
2024-04-29T10:26:35.680316Z 0 [System] [MY-010910] [Server] /usr/sbin/mysqld: Shutdown complete (mysqld 8.1.0)  MySQL Community Server - GPL.
2024-04-29T10:26:35.720576Z 0 [System] [MY-015016] [Server] MySQL Server - end.
2024-04-29T10:26:36.993031Z 0 [System] [MY-015015] [Server] MySQL Server - start.
2024-04-29T10:26:37.270622Z 0 [Warning] [MY-011068] [Server] The syntax '--skip-host-cache' is deprecated and will be removed in a future release. Please use SET GLOBAL host_cache_size=0 instead.
2024-04-29T10:26:37.272720Z 0 [Warning] [MY-010918] [Server] 'default_authentication_plugin' is deprecated and will be removed in a future release. Please use authentication_policy instead.
2024-04-29T10:26:37.272743Z 0 [System] [MY-010116] [Server] /usr/sbin/mysqld (mysqld 8.1.0) starting as process 1
2024-04-29T10:26:37.274663Z 0 [Warning] [MY-010159] [Server] Setting lower_case_table_names=2 because file system for /var/lib/mysql/ is case insensitive
2024-04-29T10:26:37.280176Z 1 [System] [MY-013576] [InnoDB] InnoDB initialization has started.
2024-04-29T10:26:37.431473Z 1 [System] [MY-013577] [InnoDB] InnoDB initialization has ended.
2024-04-29T10:26:37.829682Z 0 [Warning] [MY-010068] [Server] CA certificate ca.pem is self signed.
2024-04-29T10:26:37.830243Z 0 [System] [MY-013602] [Server] Channel mysql_main configured to support TLS. Encrypted connections are now supported for this channel.
2024-04-29T10:26:37.837650Z 0 [Warning] [MY-011810] [Server] Insecure configuration for --pid-file: Location '/var/run/mysqld' in the path is accessible to all OS users. Consider choosing a different directory.
2024-04-29T10:26:37.872881Z 0 [System] [MY-011323] [Server] X Plugin ready for connections. Bind-address: '::' port: 33060, socket: /var/run/mysqld/mysqlx.sock
2024-04-29T10:26:37.872951Z 0 [System] [MY-010931] [Server] /usr/sbin/mysqld: ready for connections. Version: '8.1.0'  socket: '/var/run/mysqld/mysqld.sock'  port: 3306  MySQL Community Server - GPL.
2024-04-29T10:28:12.405394Z 0 [System] [MY-013172] [Server] Received SHUTDOWN from user <via user signal>. Shutting down mysqld (Version: 8.1.0).
2024-04-29T10:28:13.258533Z 0 [System] [MY-010910] [Server] /usr/sbin/mysqld: Shutdown complete (mysqld 8.1.0)  MySQL Community Server - GPL.
2024-04-29T10:28:13.308422Z 0 [System] [MY-015016] [Server] MySQL Server - end.
2024-04-29T10:28:14.439536Z 0 [System] [MY-015015] [Server] MySQL Server - start.
2024-04-29T10:28:14.711630Z 0 [Warning] [MY-011068] [Server] The syntax '--skip-host-cache' is deprecated and will be removed in a future release. Please use SET GLOBAL host_cache_size=0 instead.
2024-04-29T10:28:14.713772Z 0 [Warning] [MY-010918] [Server] 'default_authentication_plugin' is deprecated and will be removed in a future release. Please use authentication_policy instead.
2024-04-29T10:28:14.713815Z 0 [System] [MY-010116] [Server] /usr/sbin/mysqld (mysqld 8.1.0) starting as process 1
2024-04-29T10:28:14.715878Z 0 [Warning] [MY-010159] [Server] Setting lower_case_table_names=2 because file system for /var/lib/mysql/ is case insensitive
2024-04-29T10:28:14.722639Z 1 [System] [MY-013576] [InnoDB] InnoDB initialization has started.
2024-04-29T10:28:14.862343Z 1 [System] [MY-013577] [InnoDB] InnoDB initialization has ended.
2024-04-29T10:28:15.088579Z 0 [Warning] [MY-010068] [Server] CA certificate ca.pem is self signed.
2024-04-29T10:28:15.089001Z 0 [System] [MY-013602] [Server] Channel mysql_main configured to support TLS. Encrypted connections are now supported for this channel.
2024-04-29T10:28:15.091497Z 0 [Warning] [MY-011810] [Server] Insecure configuration for --pid-file: Location '/var/run/mysqld' in the path is accessible to all OS users. Consider choosing a different directory.
2024-04-29T10:28:15.102007Z 0 [System] [MY-011323] [Server] X Plugin ready for connections. Bind-address: '::' port: 33060, socket: /var/run/mysqld/mysqlx.sock
2024-04-29T10:28:15.102042Z 0 [System] [MY-010931] [Server] /usr/sbin/mysqld: ready for connections. Version: '8.1.0'  socket: '/var/run/mysqld/mysqld.sock'  port: 3306  MySQL Community Server - GPL.
2024-04-29T10:29:01.660029Z 0 [System] [MY-013172] [Server] Received SHUTDOWN from user <via user signal>. Shutting down mysqld (Version: 8.1.0).
2024-04-29T10:29:02.652634Z 0 [System] [MY-010910] [Server] /usr/sbin/mysqld: Shutdown complete (mysqld 8.1.0)  MySQL Community Server - GPL.
2024-04-29T10:29:02.671916Z 0 [System] [MY-015016] [Server] MySQL Server - end.
2024-04-29T10:29:03.765543Z 0 [System] [MY-015015] [Server] MySQL Server - start.
2024-04-29T10:29:03.989057Z 0 [Warning] [MY-011068] [Server] The syntax '--skip-host-cache' is deprecated and will be removed in a future release. Please use SET GLOBAL host_cache_size=0 instead.
2024-04-29T10:29:03.990883Z 0 [Warning] [MY-010918] [Server] 'default_authentication_plugin' is deprecated and will be removed in a future release. Please use authentication_policy instead.
2024-04-29T10:29:03.990903Z 0 [System] [MY-010116] [Server] /usr/sbin/mysqld (mysqld 8.1.0) starting as process 1
2024-04-29T10:29:03.992547Z 0 [Warning] [MY-010159] [Server] Setting lower_case_table_names=2 because file system for /var/lib/mysql/ is case insensitive
2024-04-29T10:29:03.997426Z 1 [System] [MY-013576] [InnoDB] InnoDB initialization has started.
2024-04-29T10:29:04.172084Z 1 [System] [MY-013577] [InnoDB] InnoDB initialization has ended.
2024-04-29T10:29:04.316312Z 0 [Warning] [MY-010068] [Server] CA certificate ca.pem is self signed.
2024-04-29T10:29:04.316388Z 0 [System] [MY-013602] [Server] Channel mysql_main configured to support TLS. Encrypted connections are now supported for this channel.
2024-04-29T10:29:04.317703Z 0 [Warning] [MY-011810] [Server] Insecure configuration for --pid-file: Location '/var/run/mysqld' in the path is accessible to all OS users. Consider choosing a different directory.
2024-04-29T10:29:04.326774Z 0 [System] [MY-011323] [Server] X Plugin ready for connections. Bind-address: '::' port: 33060, socket: /var/run/mysqld/mysqlx.sock
2024-04-29T10:29:04.326808Z 0 [System] [MY-010931] [Server] /usr/sbin/mysqld: ready for connections. Version: '8.1.0'  socket: '/var/run/mysqld/mysqld.sock'  port: 3306  MySQL Community Server - GPL.
2024-04-29T10:31:01.453204Z 0 [System] [MY-013172] [Server] Received SHUTDOWN from user <via user signal>. Shutting down mysqld (Version: 8.1.0).
2024-04-29T10:31:02.996838Z 0 [System] [MY-010910] [Server] /usr/sbin/mysqld: Shutdown complete (mysqld 8.1.0)  MySQL Community Server - GPL.
2024-04-29T10:31:03.018398Z 0 [System] [MY-015016] [Server] MySQL Server - end.
2024-04-29T10:31:04.262867Z 0 [System] [MY-015015] [Server] MySQL Server - start.
2024-04-29T10:31:04.476967Z 0 [Warning] [MY-011068] [Server] The syntax '--skip-host-cache' is deprecated and will be removed in a future release. Please use SET GLOBAL host_cache_size=0 instead.
2024-04-29T10:31:04.478814Z 0 [Warning] [MY-010918] [Server] 'default_authentication_plugin' is deprecated and will be removed in a future release. Please use authentication_policy instead.
2024-04-29T10:31:04.478832Z 0 [System] [MY-010116] [Server] /usr/sbin/mysqld (mysqld 8.1.0) starting as process 1
2024-04-29T10:31:04.480349Z 0 [Warning] [MY-010159] [Server] Setting lower_case_table_names=2 because file system for /var/lib/mysql/ is case insensitive
2024-04-29T10:31:04.484875Z 1 [System] [MY-013576] [InnoDB] InnoDB initialization has started.
2024-04-29T10:31:04.642199Z 1 [System] [MY-013577] [InnoDB] InnoDB initialization has ended.
2024-04-29T10:31:04.777228Z 0 [Warning] [MY-010068] [Server] CA certificate ca.pem is self signed.
2024-04-29T10:31:04.777339Z 0 [System] [MY-013602] [Server] Channel mysql_main configured to support TLS. Encrypted connections are now supported for this channel.
2024-04-29T10:31:04.778835Z 0 [Warning] [MY-011810] [Server] Insecure configuration for --pid-file: Location '/var/run/mysqld' in the path is accessible to all OS users. Consider choosing a different directory.
2024-04-29T10:31:04.788434Z 0 [System] [MY-011323] [Server] X Plugin ready for connections. Bind-address: '::' port: 33060, socket: /var/run/mysqld/mysqlx.sock
2024-04-29T10:31:04.788470Z 0 [System] [MY-010931] [Server] /usr/sbin/mysqld: ready for connections. Version: '8.1.0'  socket: '/var/run/mysqld/mysqld.sock'  port: 3306  MySQL Community Server - GPL.
2024-04-29T10:31:59.638802Z 0 [System] [MY-013172] [Server] Received SHUTDOWN from user <via user signal>. Shutting down mysqld (Version: 8.1.0).
2024-04-29T10:32:00.397321Z 0 [System] [MY-010910] [Server] /usr/sbin/mysqld: Shutdown complete (mysqld 8.1.0)  MySQL Community Server - GPL.
2024-04-29T10:32:00.430670Z 0 [System] [MY-015016] [Server] MySQL Server - end.
2024-04-29T10:32:01.577823Z 0 [System] [MY-015015] [Server] MySQL Server - start.
2024-04-29T10:32:01.807467Z 0 [Warning] [MY-011068] [Server] The syntax '--skip-host-cache' is deprecated and will be removed in a future release. Please use SET GLOBAL host_cache_size=0 instead.
2024-04-29T10:32:01.810417Z 0 [Warning] [MY-010918] [Server] 'default_authentication_plugin' is deprecated and will be removed in a future release. Please use authentication_policy instead.
2024-04-29T10:32:01.810437Z 0 [System] [MY-010116] [Server] /usr/sbin/mysqld (mysqld 8.1.0) starting as process 1
2024-04-29T10:32:01.812685Z 0 [Warning] [MY-010159] [Server] Setting lower_case_table_names=2 because file system for /var/lib/mysql/ is case insensitive
2024-04-29T10:32:01.817391Z 1 [System] [MY-013576] [InnoDB] InnoDB initialization has started.
2024-04-29T10:32:01.968130Z 1 [System] [MY-013577] [InnoDB] InnoDB initialization has ended.
2024-04-29T10:32:02.054012Z 0 [Warning] [MY-010068] [Server] CA certificate ca.pem is self signed.
2024-04-29T10:32:02.054303Z 0 [System] [MY-013602] [Server] Channel mysql_main configured to support TLS. Encrypted connections are now supported for this channel.
2024-04-29T10:32:02.056797Z 0 [Warning] [MY-011810] [Server] Insecure configuration for --pid-file: Location '/var/run/mysqld' in the path is accessible to all OS users. Consider choosing a different directory.
2024-04-29T10:32:02.088886Z 0 [System] [MY-011323] [Server] X Plugin ready for connections. Bind-address: '::' port: 33060, socket: /var/run/mysqld/mysqlx.sock
2024-04-29T10:32:02.088956Z 0 [System] [MY-010931] [Server] /usr/sbin/mysqld: ready for connections. Version: '8.1.0'  socket: '/var/run/mysqld/mysqld.sock'  port: 3306  MySQL Community Server - GPL.
2024-04-29T12:29:11.786027Z 0 [System] [MY-013172] [Server] Received SHUTDOWN from user <via user signal>. Shutting down mysqld (Version: 8.1.0).
2024-04-29T12:29:12.592991Z 0 [System] [MY-010910] [Server] /usr/sbin/mysqld: Shutdown complete (mysqld 8.1.0)  MySQL Community Server - GPL.
2024-04-29T12:29:12.622711Z 0 [System] [MY-015016] [Server] MySQL Server - end.
2024-04-29T12:30:04.449025Z 0 [System] [MY-015017] [Server] MySQL Server Initialization - start.
2024-04-29T12:30:04.449915Z 0 [Warning] [MY-011068] [Server] The syntax '--skip-host-cache' is deprecated and will be removed in a future release. Please use SET GLOBAL host_cache_size=0 instead.
2024-04-29T12:30:04.449965Z 0 [Warning] [MY-010918] [Server] 'default_authentication_plugin' is deprecated and will be removed in a future release. Please use authentication_policy instead.
2024-04-29T12:30:04.449979Z 0 [System] [MY-013169] [Server] /usr/sbin/mysqld (mysqld 8.1.0) initializing of server in progress as process 81
2024-04-29T12:30:04.451168Z 0 [ERROR] [MY-010457] [Server] --initialize specified but the data directory has files in it. Aborting.
2024-04-29T12:30:04.451345Z 0 [ERROR] [MY-013236] [Server] The designated data directory /var/lib/mysql/ is unusable. You can remove all files that the server added to it.
2024-04-29T12:30:04.452212Z 0 [ERROR] [MY-010119] [Server] Aborting
2024-04-29T12:30:04.452288Z 0 [System] [MY-010910] [Server] /usr/sbin/mysqld: Shutdown complete (mysqld 8.1.0)  MySQL Community Server - GPL.
2024-04-29T12:30:04.452431Z 0 [System] [MY-015018] [Server] MySQL Server Initialization - end.
2024-04-29T12:31:05.237583Z 0 [System] [MY-015017] [Server] MySQL Server Initialization - start.
2024-04-29T12:31:05.238448Z 0 [Warning] [MY-011068] [Server] The syntax '--skip-host-cache' is deprecated and will be removed in a future release. Please use SET GLOBAL host_cache_size=0 instead.
2024-04-29T12:31:05.238491Z 0 [Warning] [MY-010918] [Server] 'default_authentication_plugin' is deprecated and will be removed in a future release. Please use authentication_policy instead.
2024-04-29T12:31:05.238513Z 0 [System] [MY-013169] [Server] /usr/sbin/mysqld (mysqld 8.1.0) initializing of server in progress as process 80
2024-04-29T12:31:05.239581Z 0 [ERROR] [MY-010457] [Server] --initialize specified but the data directory has files in it. Aborting.
2024-04-29T12:31:05.239758Z 0 [ERROR] [MY-013236] [Server] The designated data directory /var/lib/mysql/ is unusable. You can remove all files that the server added to it.
2024-04-29T12:31:05.240338Z 0 [ERROR] [MY-010119] [Server] Aborting
2024-04-29T12:31:05.240427Z 0 [System] [MY-010910] [Server] /usr/sbin/mysqld: Shutdown complete (mysqld 8.1.0)  MySQL Community Server - GPL.
2024-04-29T12:31:05.240558Z 0 [System] [MY-015018] [Server] MySQL Server Initialization - end.
2024-04-29T12:37:16.326173Z 0 [System] [MY-015017] [Server] MySQL Server Initialization - start.
2024-04-29T12:37:16.326980Z 0 [Warning] [MY-011068] [Server] The syntax '--skip-host-cache' is deprecated and will be removed in a future release. Please use SET GLOBAL host_cache_size=0 instead.
2024-04-29T12:37:16.327025Z 0 [Warning] [MY-010918] [Server] 'default_authentication_plugin' is deprecated and will be removed in a future release. Please use authentication_policy instead.
2024-04-29T12:37:16.327044Z 0 [System] [MY-013169] [Server] /usr/sbin/mysqld (mysqld 8.1.0) initializing of server in progress as process 80
2024-04-29T12:37:16.328108Z 0 [ERROR] [MY-010457] [Server] --initialize specified but the data directory has files in it. Aborting.
2024-04-29T12:37:16.328269Z 0 [ERROR] [MY-013236] [Server] The designated data directory /var/lib/mysql/ is unusable. You can remove all files that the server added to it.
2024-04-29T12:37:16.328873Z 0 [ERROR] [MY-010119] [Server] Aborting
2024-04-29T12:37:16.328929Z 0 [System] [MY-010910] [Server] /usr/sbin/mysqld: Shutdown complete (mysqld 8.1.0)  MySQL Community Server - GPL.
2024-04-29T12:37:16.329045Z 0 [System] [MY-015018] [Server] MySQL Server Initialization - end.
2024-04-29T12:39:04.347955Z 0 [System] [MY-015017] [Server] MySQL Server Initialization - start.
2024-04-29T12:39:04.348831Z 0 [Warning] [MY-011068] [Server] The syntax '--skip-host-cache' is deprecated and will be removed in a future release. Please use SET GLOBAL host_cache_size=0 instead.
2024-04-29T12:39:04.348887Z 0 [Warning] [MY-010918] [Server] 'default_authentication_plugin' is deprecated and will be removed in a future release. Please use authentication_policy instead.
2024-04-29T12:39:04.348904Z 0 [System] [MY-013169] [Server] /usr/sbin/mysqld (mysqld 8.1.0) initializing of server in progress as process 79
2024-04-29T12:39:04.350039Z 0 [ERROR] [MY-010457] [Server] --initialize specified but the data directory has files in it. Aborting.
2024-04-29T12:39:04.350284Z 0 [ERROR] [MY-013236] [Server] The designated data directory /var/lib/mysql/ is unusable. You can remove all files that the server added to it.
2024-04-29T12:39:04.351734Z 0 [ERROR] [MY-010119] [Server] Aborting
2024-04-29T12:39:04.351822Z 0 [System] [MY-010910] [Server] /usr/sbin/mysqld: Shutdown complete (mysqld 8.1.0)  MySQL Community Server - GPL.
2024-04-29T12:39:04.351964Z 0 [System] [MY-015018] [Server] MySQL Server Initialization - end.
2024-04-29T12:40:27.185397Z 0 [System] [MY-015017] [Server] MySQL Server Initialization - start.
2024-04-29T12:40:27.186242Z 0 [Warning] [MY-011068] [Server] The syntax '--skip-host-cache' is deprecated and will be removed in a future release. Please use SET GLOBAL host_cache_size=0 instead.
2024-04-29T12:40:27.186292Z 0 [Warning] [MY-010918] [Server] 'default_authentication_plugin' is deprecated and will be removed in a future release. Please use authentication_policy instead.
2024-04-29T12:40:27.186312Z 0 [System] [MY-013169] [Server] /usr/sbin/mysqld (mysqld 8.1.0) initializing of server in progress as process 79
2024-04-29T12:40:27.187682Z 0 [ERROR] [MY-010457] [Server] --initialize specified but the data directory has files in it. Aborting.
2024-04-29T12:40:27.187907Z 0 [ERROR] [MY-013236] [Server] The designated data directory /var/lib/mysql/ is unusable. You can remove all files that the server added to it.
2024-04-29T12:40:27.188556Z 0 [ERROR] [MY-010119] [Server] Aborting
2024-04-29T12:40:27.188640Z 0 [System] [MY-010910] [Server] /usr/sbin/mysqld: Shutdown complete (mysqld 8.1.0)  MySQL Community Server - GPL.
2024-04-29T12:40:27.188775Z 0 [System] [MY-015018] [Server] MySQL Server Initialization - end.
2024-04-29T12:40:49.343255Z 0 [System] [MY-015017] [Server] MySQL Server Initialization - start.
2024-04-29T12:40:49.344193Z 0 [Warning] [MY-011068] [Server] The syntax '--skip-host-cache' is deprecated and will be removed in a future release. Please use SET GLOBAL host_cache_size=0 instead.
2024-04-29T12:40:49.344255Z 0 [Warning] [MY-010918] [Server] 'default_authentication_plugin' is deprecated and will be removed in a future release. Please use authentication_policy instead.
2024-04-29T12:40:49.344269Z 0 [System] [MY-013169] [Server] /usr/sbin/mysqld (mysqld 8.1.0) initializing of server in progress as process 79
2024-04-29T12:40:49.351926Z 0 [Warning] [MY-010159] [Server] Setting lower_case_table_names=2 because file system for /var/lib/mysql/ is case insensitive
2024-04-29T12:40:49.369427Z 1 [System] [MY-013576] [InnoDB] InnoDB initialization has started.
2024-04-29T12:40:49.726232Z 1 [System] [MY-013577] [InnoDB] InnoDB initialization has ended.
2024-04-29T12:40:50.502091Z 6 [Warning] [MY-010453] [Server] root@localhost is created with an empty password ! Please consider switching off the --initialize-insecure option.
2024-04-29T12:40:50.616523Z 6 [Warning] [MY-013360] [Server] Plugin mysql_native_password reported: ''mysql_native_password' is deprecated and will be removed in a future release. Please use caching_sha2_password instead'
2024-04-29T12:40:53.616463Z 0 [System] [MY-015018] [Server] MySQL Server Initialization - end.
2024-04-29T12:40:53.654086Z 0 [System] [MY-015015] [Server] MySQL Server - start.
2024-04-29T12:40:53.891657Z 0 [Warning] [MY-011068] [Server] The syntax '--skip-host-cache' is deprecated and will be removed in a future release. Please use SET GLOBAL host_cache_size=0 instead.
2024-04-29T12:40:53.894041Z 0 [Warning] [MY-010918] [Server] 'default_authentication_plugin' is deprecated and will be removed in a future release. Please use authentication_policy instead.
2024-04-29T12:40:53.894081Z 0 [System] [MY-010116] [Server] /usr/sbin/mysqld (mysqld 8.1.0) starting as process 123
2024-04-29T12:40:53.896356Z 0 [Warning] [MY-010159] [Server] Setting lower_case_table_names=2 because file system for /var/lib/mysql/ is case insensitive
2024-04-29T12:40:53.906712Z 1 [System] [MY-013576] [InnoDB] InnoDB initialization has started.
2024-04-29T12:40:54.023211Z 1 [System] [MY-013577] [InnoDB] InnoDB initialization has ended.
2024-04-29T12:40:54.182608Z 0 [Warning] [MY-010068] [Server] CA certificate ca.pem is self signed.
2024-04-29T12:40:54.182738Z 0 [System] [MY-013602] [Server] Channel mysql_main configured to support TLS. Encrypted connections are now supported for this channel.
2024-04-29T12:40:54.184567Z 0 [Warning] [MY-011810] [Server] Insecure configuration for --pid-file: Location '/var/run/mysqld' in the path is accessible to all OS users. Consider choosing a different directory.
2024-04-29T12:40:54.193616Z 0 [System] [MY-011323] [Server] X Plugin ready for connections. Socket: /var/run/mysqld/mysqlx.sock
2024-04-29T12:40:54.193663Z 0 [System] [MY-010931] [Server] /usr/sbin/mysqld: ready for connections. Version: '8.1.0'  socket: '/var/run/mysqld/mysqld.sock'  port: 0  MySQL Community Server - GPL.
2024-04-29T12:40:54.232658Z 8 [Warning] [MY-013360] [Server] Plugin mysql_native_password reported: ''mysql_native_password' is deprecated and will be removed in a future release. Please use caching_sha2_password instead'
2024-04-29T12:40:54.234699Z 8 [Warning] [MY-013360] [Server] Plugin mysql_native_password reported: ''mysql_native_password' is deprecated and will be removed in a future release. Please use caching_sha2_password instead'
2024-04-29T12:40:54.237269Z 8 [Warning] [MY-013360] [Server] Plugin mysql_native_password reported: ''mysql_native_password' is deprecated and will be removed in a future release. Please use caching_sha2_password instead'
2024-04-29T12:40:54.244913Z 9 [Warning] [MY-013360] [Server] Plugin mysql_native_password reported: ''mysql_native_password' is deprecated and will be removed in a future release. Please use caching_sha2_password instead'
2024-04-29T12:40:54.250534Z 10 [Warning] [MY-013360] [Server] Plugin mysql_native_password reported: ''mysql_native_password' is deprecated and will be removed in a future release. Please use caching_sha2_password instead'
2024-04-29T12:40:54.251430Z 10 [Warning] [MY-013360] [Server] Plugin mysql_native_password reported: ''mysql_native_password' is deprecated and will be removed in a future release. Please use caching_sha2_password instead'
2024-04-29T12:40:54.257008Z 11 [Warning] [MY-013360] [Server] Plugin mysql_native_password reported: ''mysql_native_password' is deprecated and will be removed in a future release. Please use caching_sha2_password instead'
2024-04-29T12:40:54.269202Z 12 [Warning] [MY-013360] [Server] Plugin mysql_native_password reported: ''mysql_native_password' is deprecated and will be removed in a future release. Please use caching_sha2_password instead'
2024-04-29T12:40:54.275697Z 12 [System] [MY-013172] [Server] Received SHUTDOWN from user root. Shutting down mysqld (Version: 8.1.0).
2024-04-29T12:40:55.764028Z 0 [System] [MY-010910] [Server] /usr/sbin/mysqld: Shutdown complete (mysqld 8.1.0)  MySQL Community Server - GPL.
2024-04-29T12:40:55.775923Z 0 [System] [MY-015016] [Server] MySQL Server - end.
2024-04-29T12:40:56.292910Z 0 [System] [MY-015015] [Server] MySQL Server - start.
2024-04-29T12:40:56.500004Z 0 [Warning] [MY-011068] [Server] The syntax '--skip-host-cache' is deprecated and will be removed in a future release. Please use SET GLOBAL host_cache_size=0 instead.
2024-04-29T12:40:56.501374Z 0 [Warning] [MY-010918] [Server] 'default_authentication_plugin' is deprecated and will be removed in a future release. Please use authentication_policy instead.
2024-04-29T12:40:56.501389Z 0 [System] [MY-010116] [Server] /usr/sbin/mysqld (mysqld 8.1.0) starting as process 1
2024-04-29T12:40:56.502716Z 0 [Warning] [MY-010159] [Server] Setting lower_case_table_names=2 because file system for /var/lib/mysql/ is case insensitive
2024-04-29T12:40:56.506904Z 1 [System] [MY-013576] [InnoDB] InnoDB initialization has started.
2024-04-29T12:40:56.585665Z 1 [System] [MY-013577] [InnoDB] InnoDB initialization has ended.
2024-04-29T12:40:56.703428Z 0 [Warning] [MY-010068] [Server] CA certificate ca.pem is self signed.
2024-04-29T12:40:56.703607Z 0 [System] [MY-013602] [Server] Channel mysql_main configured to support TLS. Encrypted connections are now supported for this channel.
2024-04-29T12:40:56.707870Z 0 [Warning] [MY-011810] [Server] Insecure configuration for --pid-file: Location '/var/run/mysqld' in the path is accessible to all OS users. Consider choosing a different directory.
2024-04-29T12:40:56.718261Z 0 [System] [MY-010931] [Server] /usr/sbin/mysqld: ready for connections. Version: '8.1.0'  socket: '/var/run/mysqld/mysqld.sock'  port: 3306  MySQL Community Server - GPL.
2024-04-29T12:40:56.718345Z 0 [System] [MY-011323] [Server] X Plugin ready for connections. Bind-address: '::' port: 33060, socket: /var/run/mysqld/mysqlx.sock
2024-04-29T12:41:04.270223Z 8 [Warning] [MY-013360] [Server] Plugin mysql_native_password reported: ''mysql_native_password' is deprecated and will be removed in a future release. Please use caching_sha2_password instead'
2024-04-29T12:41:41.148985Z 9 [Warning] [MY-013360] [Server] Plugin mysql_native_password reported: ''mysql_native_password' is deprecated and will be removed in a future release. Please use caching_sha2_password instead'
2024-04-29T12:44:17.205040Z 0 [System] [MY-013172] [Server] Received SHUTDOWN from user <via user signal>. Shutting down mysqld (Version: 8.1.0).
2024-04-29T12:44:18.649826Z 0 [System] [MY-010910] [Server] /usr/sbin/mysqld: Shutdown complete (mysqld 8.1.0)  MySQL Community Server - GPL.
2024-04-29T12:44:18.668381Z 0 [System] [MY-015016] [Server] MySQL Server - end.
